INFO 2017-10-25 14-13-19 14812 16344 MainThread ftp.py <module> -----------数据库连接信息-----------
INFO 2017-10-25 14-13-20 14812 16344 MainThread ftp.py <module> host:115.28.139.39
INFO 2017-10-25 14-13-20 14812 16344 MainThread ftp.py <module> port:2789
INFO 2017-10-25 14-13-20 14812 16344 MainThread ftp.py <module> user:root
INFO 2017-10-25 14-13-20 14812 16344 MainThread ftp.py <module> password:y1y2g3j4fussen
INFO 2017-10-25 14-13-20 14812 16344 MainThread ftp.py <module> defaultDB:db_flybear
INFO 2017-10-25 14-13-20 14812 16344 MainThread ftp.py <module> -----------ftp连接信息--------------
INFO 2017-10-25 14-13-20 14812 16344 MainThread ftp.py <module> RemoteIp:115.28.139.39
INFO 2017-10-25 14-13-20 14812 16344 MainThread ftp.py <module> RemotePort:1900
INFO 2017-10-25 14-13-20 14812 16344 MainThread ftp.py <module> UserName:fussen
INFO 2017-10-25 14-13-20 14812 16344 MainThread ftp.py <module> PassWord:1q2w3e
INFO 2017-10-25 14-13-49 14812 16344 MainThread ftp.py <module> 开始上传文件:
INFO 2017-10-25 14-13-49 14812 16344 MainThread ftp.py connectServer >>正在连接FTP...<<
INFO 2017-10-25 14-13-50 14812 16344 MainThread ftp.py <module> 上传成功
INFO 2017-10-25 14-16-25 15344 7224 MainThread ftp.py <module> -----------数据库连接信息-----------
INFO 2017-10-25 14-16-25 15344 7224 MainThread ftp.py <module> host:115.28.139.39
INFO 2017-10-25 14-16-25 15344 7224 MainThread ftp.py <module> port:2789
INFO 2017-10-25 14-16-25 15344 7224 MainThread ftp.py <module> user:root
INFO 2017-10-25 14-16-25 15344 7224 MainThread ftp.py <module> password:y1y2g3j4fussen
INFO 2017-10-25 14-16-25 15344 7224 MainThread ftp.py <module> defaultDB:db_flybear
INFO 2017-10-25 14-16-25 15344 7224 MainThread ftp.py <module> -----------ftp连接信息--------------
INFO 2017-10-25 14-16-25 15344 7224 MainThread ftp.py <module> RemoteIp:115.28.139.39
INFO 2017-10-25 14-16-25 15344 7224 MainThread ftp.py <module> RemotePort:1900
INFO 2017-10-25 14-16-25 15344 7224 MainThread ftp.py <module> UserName:fussen
INFO 2017-10-25 14-16-25 15344 7224 MainThread ftp.py <module> PassWord:1q2w3e
INFO 2017-10-25 14-16-42 15344 7224 MainThread ftp.py <module> 开始上传文件:
INFO 2017-10-25 14-16-42 15344 7224 MainThread ftp.py connectServer >>正在连接FTP...<<
INFO 2017-10-25 14-16-43 15344 7224 MainThread ftp.py <module> 上传成功
